TN:
SF:src\at.js
FN:19,at
FNF:1
FNH:1
FNDA:5,at
DA:1,1
DA:2,1
DA:3,1
DA:4,1
DA:5,1
DA:6,1
DA:7,1
DA:8,1
DA:9,1
DA:10,1
DA:11,1
DA:12,1
DA:13,1
DA:14,1
DA:15,1
DA:16,1
DA:17,1
DA:18,1
DA:19,1
DA:20,1
DA:21,1
LF:21
LH:21
BRDA:1,0,0,1
BRDA:19,1,0,5
BRF:2
BRH:2
end_of_record
TN:
SF:src\ceil.js
FNF:0
FNH:0
DA:1,1
DA:2,1
DA:3,1
DA:4,1
DA:5,1
DA:6,1
DA:7,1
DA:8,1
DA:9,1
DA:10,1
DA:11,1
DA:12,1
DA:13,1
DA:14,1
DA:15,1
DA:16,1
DA:17,1
DA:18,1
DA:19,1
DA:20,1
DA:21,1
DA:22,1
DA:23,1
DA:24,1
LF:24
LH:24
BRDA:1,0,0,1
BRF:1
BRH:1
end_of_record
TN:
SF:src\chunk.js
FN:22,chunk
FNF:1
FNH:1
FNDA:12,chunk
DA:1,1
DA:2,1
DA:3,1
DA:4,1
DA:5,1
DA:6,1
DA:7,1
DA:8,1
DA:9,1
DA:10,1
DA:11,1
DA:12,1
DA:13,1
DA:14,1
DA:15,1
DA:16,1
DA:17,1
DA:18,1
DA:19,1
DA:20,1
DA:21,1
DA:22,12
DA:23,12
DA:24,12
DA:25,12
DA:26,5
DA:27,5
DA:28,7
DA:29,7
DA:30,7
DA:31,7
DA:32,12
DA:33,17
DA:34,17
DA:35,7
DA:36,12
DA:37,1
DA:38,1
LF:38
LH:38
BRDA:1,0,0,1
BRDA:22,1,0,12
BRDA:24,2,0,2
BRDA:24,3,0,10
BRDA:25,4,0,9
BRDA:25,5,0,5
BRDA:28,6,0,7
BRDA:32,7,0,17
BRDA:35,8,0,7
BRF:9
BRH:9
end_of_record
TN:
SF:src\clamp.js
FN:18,clamp
FNF:1
FNH:1
FNDA:13,clamp
DA:1,1
DA:2,1
DA:3,1
DA:4,1
DA:5,1
DA:6,1
DA:7,1
DA:8,1
DA:9,1
DA:10,1
DA:11,1
DA:12,1
DA:13,1
DA:14,1
DA:15,1
DA:16,1
DA:17,1
DA:18,13
DA:19,13
DA:20,13
DA:21,13
DA:22,13
DA:23,13
DA:24,13
DA:25,13
DA:26,13
DA:27,13
DA:28,13
DA:29,13
DA:30,1
DA:31,1
LF:31
LH:31
BRDA:1,0,0,1
BRDA:18,1,0,13
BRDA:22,2,0,0
BRDA:23,3,0,0
BRDA:25,4,0,7
BRDA:25,5,0,6
BRDA:26,6,0,3
BRDA:26,7,0,10
BRF:8
BRH:6
end_of_record
TN:
SF:src\compact.js
FN:14,compact
FNF:1
FNH:1
FNDA:8,compact
DA:1,1
DA:2,1
DA:3,1
DA:4,1
DA:5,1
DA:6,1
DA:7,1
DA:8,1
DA:9,1
DA:10,1
DA:11,1
DA:12,1
DA:13,1
DA:14,8
DA:15,8
DA:16,8
DA:17,8
DA:18,8
DA:19,1000034
DA:20,16
DA:21,16
DA:22,1000034
DA:23,8
DA:24,8
DA:25,1
DA:26,1
LF:26
LH:26
BRDA:1,0,0,1
BRDA:14,1,0,8
BRDA:18,2,0,1000034
BRDA:19,3,0,16
BRF:4
BRH:4
end_of_record
TN:
SF:src\drop.js
FN:26,drop
FNF:1
FNH:1
FNDA:13,drop
DA:1,1
DA:2,1
DA:3,1
DA:4,1
DA:5,1
DA:6,1
DA:7,1
DA:8,1
DA:9,1
DA:10,1
DA:11,1
DA:12,1
DA:13,1
DA:14,1
DA:15,1
DA:16,1
DA:17,1
DA:18,1
DA:19,1
DA:20,1
DA:21,1
DA:22,1
DA:23,1
DA:24,1
DA:25,1
DA:26,13
DA:27,13
DA:28,13
DA:29,13
DA:30,13
DA:31,13
DA:32,1
DA:33,1
LF:33
LH:33
BRDA:1,0,0,1
BRDA:26,1,0,13
BRDA:27,2,0,2
BRDA:27,3,0,11
BRDA:29,4,0,9
BRDA:29,5,0,1
BRDA:29,6,0,8
BRDA:30,7,0,4
BRF:8
BRH:8
end_of_record
TN:
SF:src\get.js
FN:27,get
FNF:1
FNH:1
FNDA:9,get
DA:1,1
DA:2,1
DA:3,1
DA:4,1
DA:5,1
DA:6,1
DA:7,1
DA:8,1
DA:9,1
DA:10,1
DA:11,1
DA:12,1
DA:13,1
DA:14,1
DA:15,1
DA:16,1
DA:17,1
DA:18,1
DA:19,1
DA:20,1
DA:21,1
DA:22,1
DA:23,1
DA:24,1
DA:25,1
DA:26,1
DA:27,9
DA:28,9
DA:29,9
DA:30,9
DA:31,1
DA:32,1
LF:32
LH:32
BRDA:1,0,0,1
BRDA:27,1,0,9
BRDA:28,2,0,0
BRDA:29,3,0,3
BRDA:29,4,0,6
BRF:5
BRH:4
end_of_record
TN:
SF:src\isArguments.js
FN:19,isArguments
FNF:1
FNH:1
FNDA:9,isArguments
DA:1,1
DA:2,1
DA:3,1
DA:4,1
DA:5,1
DA:6,1
DA:7,1
DA:8,1
DA:9,1
DA:10,1
DA:11,1
DA:12,1
DA:13,1
DA:14,1
DA:15,1
DA:16,1
DA:17,1
DA:18,1
DA:19,9
DA:20,9
DA:21,9
DA:22,1
DA:23,1
LF:23
LH:23
BRDA:1,0,0,1
BRDA:19,1,0,9
BRDA:20,2,0,0
BRF:3
BRH:2
end_of_record
TN:
SF:src\isObject.js
FN:24,isObject
FNF:1
FNH:1
FNDA:1,isObject
DA:1,1
DA:2,1
DA:3,1
DA:4,1
DA:5,1
DA:6,1
DA:7,1
DA:8,1
DA:9,1
DA:10,1
DA:11,1
DA:12,1
DA:13,1
DA:14,1
DA:15,1
DA:16,1
DA:17,1
DA:18,1
DA:19,1
DA:20,1
DA:21,1
DA:22,1
DA:23,1
DA:24,1
DA:25,1
DA:26,1
DA:27,1
DA:28,1
DA:29,1
LF:29
LH:29
BRDA:1,0,0,1
BRDA:24,1,0,1
BRF:2
BRH:2
end_of_record
TN:
SF:src\isObjectLike.js
FN:23,isObjectLike
FNF:1
FNH:1
FNDA:9,isObjectLike
DA:1,1
DA:2,1
DA:3,1
DA:4,1
DA:5,1
DA:6,1
DA:7,1
DA:8,1
DA:9,1
DA:10,1
DA:11,1
DA:12,1
DA:13,1
DA:14,1
DA:15,1
DA:16,1
DA:17,1
DA:18,1
DA:19,1
DA:20,1
DA:21,1
DA:22,1
DA:23,9
DA:24,9
DA:25,9
DA:26,1
DA:27,1
LF:27
LH:27
BRDA:1,0,0,1
BRDA:23,1,0,9
BRDA:24,2,0,0
BRF:3
BRH:2
end_of_record
TN:
SF:src\isSymbol.js
FN:18,isSymbol
FNF:1
FNH:1
FNDA:10,isSymbol
DA:1,1
DA:2,1
DA:3,1
DA:4,1
DA:5,1
DA:6,1
DA:7,1
DA:8,1
DA:9,1
DA:10,1
DA:11,1
DA:12,1
DA:13,1
DA:14,1
DA:15,1
DA:16,1
DA:17,1
DA:18,10
DA:19,10
DA:20,10
DA:21,10
DA:22,1
DA:23,1
LF:23
LH:23
BRDA:1,0,0,1
BRDA:18,1,0,10
BRDA:20,2,0,0
BRDA:20,3,0,0
BRF:4
BRH:2
end_of_record
TN:
SF:src\memoize.js
FN:43,memoize
FN:47,memoized
FNF:2
FNH:2
FNDA:1,memoize
FNDA:9,memoized
DA:1,1
DA:2,1
DA:3,1
DA:4,1
DA:5,1
DA:6,1
DA:7,1
DA:8,1
DA:9,1
DA:10,1
DA:11,1
DA:12,1
DA:13,1
DA:14,1
DA:15,1
DA:16,1
DA:17,1
DA:18,1
DA:19,1
DA:20,1
DA:21,1
DA:22,1
DA:23,1
DA:24,1
DA:25,1
DA:26,1
DA:27,1
DA:28,1
DA:29,1
DA:30,1
DA:31,1
DA:32,1
DA:33,1
DA:34,1
DA:35,1
DA:36,1
DA:37,1
DA:38,1
DA:39,1
DA:40,1
DA:41,1
DA:42,1
DA:43,1
DA:44,1
DA:45,0
DA:46,0
DA:47,1
DA:48,9
DA:49,9
DA:50,9
DA:51,9
DA:52,4
DA:53,4
DA:54,5
DA:55,9
DA:56,9
DA:57,9
DA:58,1
DA:59,1
DA:60,1
DA:61,1
DA:62,1
DA:63,1
DA:64,1
LF:64
LH:62
BRDA:1,0,0,1
BRDA:43,1,0,1
BRDA:44,2,0,0
BRDA:58,3,0,0
BRDA:47,4,0,9
BRDA:48,5,0,0
BRDA:51,6,0,4
BRDA:54,7,0,5
BRDA:55,8,0,0
BRF:9
BRH:5
end_of_record
TN:
SF:src\slice.js
FN:21,slice
FNF:1
FNH:1
FNDA:26,slice
DA:1,1
DA:2,1
DA:3,1
DA:4,1
DA:5,1
DA:6,1
DA:7,1
DA:8,1
DA:9,1
DA:10,1
DA:11,1
DA:12,1
DA:13,1
DA:14,1
DA:15,1
DA:16,1
DA:17,1
DA:18,1
DA:19,1
DA:20,1
DA:21,26
DA:22,26
DA:23,26
DA:24,0
DA:25,0
DA:26,26
DA:27,26
DA:28,26
DA:29,26
DA:30,0
DA:31,0
DA:32,26
DA:33,0
DA:34,0
DA:35,26
DA:36,26
DA:37,26
DA:38,26
DA:39,26
DA:40,26
DA:41,1000948
DA:42,1000948
DA:43,26
DA:44,26
DA:45,1
DA:46,1
LF:46
LH:40
BRDA:1,0,0,1
BRDA:21,1,0,26
BRDA:22,2,0,0
BRDA:23,3,0,0
BRDA:26,4,0,0
BRDA:27,5,0,0
BRDA:29,6,0,0
BRDA:32,7,0,0
BRDA:35,8,0,1
BRDA:35,9,0,25
BRDA:40,10,0,1000948
BRF:11
BRH:5
end_of_record
TN:
SF:src\toFinite.js
FN:28,toFinite
FNF:1
FNH:1
FNDA:20,toFinite
DA:1,1
DA:2,1
DA:3,1
DA:4,1
DA:5,1
DA:6,1
DA:7,1
DA:8,1
DA:9,1
DA:10,1
DA:11,1
DA:12,1
DA:13,1
DA:14,1
DA:15,1
DA:16,1
DA:17,1
DA:18,1
DA:19,1
DA:20,1
DA:21,1
DA:22,1
DA:23,1
DA:24,1
DA:25,1
DA:26,1
DA:27,1
DA:28,20
DA:29,20
DA:30,2
DA:31,2
DA:32,18
DA:33,20
DA:34,0
DA:35,0
DA:36,0
DA:37,20
DA:38,20
DA:39,1
DA:40,1
LF:40
LH:37
BRDA:1,0,0,1
BRDA:28,1,0,20
BRDA:29,2,0,2
BRDA:30,3,0,0
BRDA:32,4,0,18
BRDA:33,5,0,0
BRDA:37,6,0,18
BRDA:37,7,0,0
BRF:8
BRH:5
end_of_record
TN:
SF:src\toInteger.js
FN:28,toInteger
FNF:1
FNH:1
FNDA:20,toInteger
DA:1,1
DA:2,1
DA:3,1
DA:4,1
DA:5,1
DA:6,1
DA:7,1
DA:8,1
DA:9,1
DA:10,1
DA:11,1
DA:12,1
DA:13,1
DA:14,1
DA:15,1
DA:16,1
DA:17,1
DA:18,1
DA:19,1
DA:20,1
DA:21,1
DA:22,1
DA:23,1
DA:24,1
DA:25,1
DA:26,1
DA:27,1
DA:28,20
DA:29,20
DA:30,20
DA:31,20
DA:32,20
DA:33,20
DA:34,1
DA:35,1
LF:35
LH:35
BRDA:1,0,0,1
BRDA:28,1,0,20
BRDA:32,2,0,1
BRDA:32,3,0,19
BRF:4
BRH:4
end_of_record
TN:
SF:src\toNumber.js
FN:44,toNumber
FNF:1
FNH:1
FNDA:18,toNumber
DA:1,1
DA:2,1
DA:3,1
DA:4,1
DA:5,1
DA:6,1
DA:7,1
DA:8,1
DA:9,1
DA:10,1
DA:11,1
DA:12,1
DA:13,1
DA:14,1
DA:15,1
DA:16,1
DA:17,1
DA:18,1
DA:19,1
DA:20,1
DA:21,1
DA:22,1
DA:23,1
DA:24,1
DA:25,1
DA:26,1
DA:27,1
DA:28,1
DA:29,1
DA:30,1
DA:31,1
DA:32,1
DA:33,1
DA:34,1
DA:35,1
DA:36,1
DA:37,1
DA:38,1
DA:39,1
DA:40,1
DA:41,1
DA:42,1
DA:43,1
DA:44,18
DA:45,18
DA:46,17
DA:47,17
DA:48,18
DA:49,0
DA:50,0
DA:51,18
DA:52,0
DA:53,0
DA:54,0
DA:55,18
DA:56,0
DA:57,0
DA:58,1
DA:59,1
DA:60,18
DA:61,18
DA:62,18
DA:63,18
DA:64,1
DA:65,1
LF:65
LH:58
BRDA:1,0,0,1
BRDA:44,1,0,18
BRDA:45,2,0,17
BRDA:48,3,0,1
BRDA:48,4,0,0
BRDA:51,5,0,1
BRDA:51,6,0,0
BRDA:55,7,0,1
BRDA:55,8,0,0
BRDA:58,9,0,1
BRDA:61,10,0,0
BRDA:62,11,0,1
BRDA:62,12,0,0
BRF:13
BRH:8
end_of_record
TN:
SF:src\.internal\baseAt.js
FN:11,baseAt
FNF:1
FNH:1
FNDA:5,baseAt
DA:1,1
DA:2,1
DA:3,1
DA:4,1
DA:5,1
DA:6,1
DA:7,1
DA:8,1
DA:9,1
DA:10,1
DA:11,5
DA:12,5
DA:13,5
DA:14,5
DA:15,5
DA:16,5
DA:17,5
DA:18,9
DA:19,9
DA:20,5
DA:21,5
DA:22,1
DA:23,1
LF:23
LH:23
BRDA:1,0,0,1
BRDA:11,1,0,5
BRDA:17,2,0,9
BRDA:18,3,0,0
BRF:4
BRH:3
end_of_record
TN:
SF:src\.internal\baseFlatten.js
FN:14,baseFlatten
FNF:1
FNH:1
FNDA:5,baseFlatten
DA:1,1
DA:2,1
DA:3,1
DA:4,1
DA:5,1
DA:6,1
DA:7,1
DA:8,1
DA:9,1
DA:10,1
DA:11,1
DA:12,1
DA:13,1
DA:14,5
DA:15,5
DA:16,5
DA:17,5
DA:18,5
DA:19,0
DA:20,0
DA:21,5
DA:22,5
DA:23,9
DA:24,0
DA:25,0
DA:26,0
DA:27,0
DA:28,0
DA:29,0
DA:30,9
DA:31,9
DA:32,9
DA:33,9
DA:34,5
DA:35,5
DA:36,1
DA:37,1
LF:37
LH:29
BRDA:1,0,0,1
BRDA:14,1,0,5
BRDA:18,2,0,0
BRDA:22,3,0,9
BRDA:23,4,0,0
BRF:5
BRH:3
end_of_record
TN:
SF:src\.internal\baseGet.js
FN:12,baseGet
FNF:1
FNH:1
FNDA:9,baseGet
DA:1,1
DA:2,1
DA:3,1
DA:4,1
DA:5,1
DA:6,1
DA:7,1
DA:8,1
DA:9,1
DA:10,1
DA:11,1
DA:12,9
DA:13,9
DA:14,9
DA:15,9
DA:16,9
DA:17,9
DA:18,9
DA:19,23
DA:20,23
DA:21,9
DA:22,9
DA:23,1
DA:24,1
LF:24
LH:24
BRDA:1,0,0,1
BRDA:12,1,0,9
BRDA:18,2,0,29
BRDA:18,3,0,23
BRDA:21,4,0,8
BRDA:21,5,0,1
BRF:6
BRH:6
end_of_record
TN:
SF:src\.internal\castPath.js
FN:12,castPath
FNF:1
FNH:1
FNDA:9,castPath
DA:1,1
DA:2,1
DA:3,1
DA:4,1
DA:5,1
DA:6,1
DA:7,1
DA:8,1
DA:9,1
DA:10,1
DA:11,1
DA:12,9
DA:13,9
DA:14,0
DA:15,0
DA:16,9
DA:17,9
DA:18,1
DA:19,1
LF:19
LH:17
BRDA:1,0,0,1
BRDA:12,1,0,9
BRDA:13,2,0,0
BRDA:16,3,0,0
BRF:4
BRH:2
end_of_record
TN:
SF:src\.internal\createRound.js
FN:8,createRound
FNF:1
FNH:1
FNDA:1,createRound
DA:1,1
DA:2,1
DA:3,1
DA:4,1
DA:5,1
DA:6,1
DA:7,1
DA:8,1
DA:9,1
DA:10,1
DA:11,16
DA:12,16
DA:13,9
DA:14,9
DA:15,9
DA:16,9
DA:17,9
DA:18,9
DA:19,9
DA:20,9
DA:21,7
DA:22,16
DA:23,1
DA:24,1
DA:25,1
LF:25
LH:25
BRDA:1,0,0,1
BRDA:8,1,0,1
BRDA:10,2,0,16
BRDA:11,3,0,7
BRDA:11,4,0,9
BRDA:11,5,0,3
BRDA:11,6,0,6
BRDA:12,7,0,9
BRDA:21,8,0,7
BRF:9
BRH:9
end_of_record
TN:
SF:src\.internal\getTag.js
FN:10,getTag
FNF:1
FNH:0
FNDA:0,getTag
DA:1,1
DA:2,1
DA:3,1
DA:4,1
DA:5,1
DA:6,1
DA:7,1
DA:8,1
DA:9,1
DA:10,0
DA:11,0
DA:12,0
DA:13,0
DA:14,0
DA:15,0
DA:16,1
DA:17,1
LF:17
LH:11
BRDA:1,0,0,1
BRF:1
BRH:1
end_of_record
TN:
SF:src\.internal\isFlattenable.js
FN:13,isFlattenable
FNF:1
FNH:1
FNDA:9,isFlattenable
DA:1,1
DA:2,1
DA:3,1
DA:4,1
DA:5,1
DA:6,1
DA:7,1
DA:8,1
DA:9,1
DA:10,1
DA:11,1
DA:12,1
DA:13,9
DA:14,9
DA:15,9
DA:16,9
DA:17,1
DA:18,1
LF:18
LH:18
BRDA:1,0,0,1
BRDA:13,1,0,9
BRF:2
BRH:2
end_of_record
TN:
SF:src\.internal\isKey.js
FN:15,isKey
FNF:1
FNH:1
FNDA:9,isKey
DA:1,1
DA:2,1
DA:3,1
DA:4,1
DA:5,1
DA:6,1
DA:7,1
DA:8,1
DA:9,1
DA:10,1
DA:11,1
DA:12,1
DA:13,1
DA:14,1
DA:15,9
DA:16,9
DA:17,0
DA:18,0
DA:19,9
DA:20,9
DA:21,0
DA:22,0
DA:23,9
DA:24,9
DA:25,9
DA:26,1
DA:27,1
LF:27
LH:23
BRDA:1,0,0,1
BRDA:15,1,0,9
BRDA:16,2,0,0
BRDA:20,3,0,0
BRF:4
BRH:2
end_of_record
TN:
SF:src\.internal\memoizeCapped.js
FN:14,memoizeCapped
FNF:1
FNH:1
FNDA:1,memoizeCapped
DA:1,1
DA:2,1
DA:3,1
DA:4,1
DA:5,1
DA:6,1
DA:7,1
DA:8,1
DA:9,1
DA:10,1
DA:11,1
DA:12,1
DA:13,1
DA:14,1
DA:15,1
DA:16,9
DA:17,9
DA:18,0
DA:19,0
DA:20,9
DA:21,1
DA:22,1
DA:23,1
DA:24,1
DA:25,1
DA:26,1
LF:26
LH:24
BRDA:1,0,0,1
BRDA:14,1,0,1
BRDA:15,2,0,9
BRDA:17,3,0,0
BRF:4
BRH:3
end_of_record
TN:
SF:src\.internal\stringToPath.js
FNF:0
FNH:0
DA:1,1
DA:2,1
DA:3,1
DA:4,1
DA:5,1
DA:6,1
DA:7,1
DA:8,1
DA:9,1
DA:10,1
DA:11,1
DA:12,1
DA:13,1
DA:14,1
DA:15,1
DA:16,1
DA:17,1
DA:18,1
DA:19,1
DA:20,1
DA:21,1
DA:22,1
DA:23,1
DA:24,1
DA:25,1
DA:26,1
DA:27,5
DA:28,5
DA:29,0
DA:30,0
DA:31,5
DA:32,14
DA:33,14
DA:34,0
DA:35,0
DA:36,14
DA:37,5
DA:38,5
DA:39,14
DA:40,5
DA:41,5
DA:42,1
DA:43,1
DA:44,1
LF:44
LH:40
BRDA:1,0,0,1
BRDA:26,1,0,5
BRDA:28,2,0,0
BRDA:31,3,0,14
BRDA:33,4,0,0
BRDA:36,5,0,5
BRF:6
BRH:4
end_of_record
TN:
SF:src\.internal\toKey.js
FN:13,toKey
FNF:1
FNH:1
FNDA:23,toKey
DA:1,1
DA:2,1
DA:3,1
DA:4,1
DA:5,1
DA:6,1
DA:7,1
DA:8,1
DA:9,1
DA:10,1
DA:11,1
DA:12,1
DA:13,23
DA:14,23
DA:15,23
DA:16,23
DA:17,0
DA:18,23
DA:19,23
DA:20,1
DA:21,1
LF:21
LH:20
BRDA:1,0,0,1
BRDA:13,1,0,23
BRDA:14,2,0,0
BRDA:17,3,0,0
BRDA:18,4,0,0
BRDA:18,5,0,0
BRF:6
BRH:2
end_of_record
